[debug] [2023-02-23T12:35:46.371Z] ----------------------------------------------------------------------
[debug] [2023-02-23T12:35:46.373Z] Command:       C:\Program Files\nodejs\node.exe C:\Users\Kotikala Raghav\AppData\Roaming\npm\node_modules\firebase-tools\lib\bin\firebase.js init hosting
[debug] [2023-02-23T12:35:46.373Z] CLI Version:   11.23.1
[debug] [2023-02-23T12:35:46.373Z] Platform:      win32
[debug] [2023-02-23T12:35:46.373Z] Node Version:  v16.13.2
[debug] [2023-02-23T12:35:46.374Z] Time:          Thu Feb 23 2023 18:05:46 GMT+0530 (India Standard Time)
[debug] [2023-02-23T12:35:46.374Z] ----------------------------------------------------------------------
[debug] 
[debug] [2023-02-23T12:35:46.381Z] > command requires scopes: ["email","openid","https://www.googleapis.com/auth/cloudplatformprojects.readonly","https://www.googleapis.com/auth/firebase","https://www.googleapis.com/auth/cloud-platform"]
[debug] [2023-02-23T12:35:46.382Z] > authorizing via signed-in user (raghavkotikala9@gmail.com)
[info] 
     ######## #### ########  ######## ########     ###     ######  ########
     ##        ##  ##     ## ##       ##     ##  ##   ##  ##       ##
     ######    ##  ########  ######   ########  #########  ######  ######
     ##        ##  ##    ##  ##       ##     ## ##     ##       ## ##
     ##       #### ##     ## ######## ########  ##     ##  ######  ########

You're about to initialize a Firebase project in this directory:

  C:\Files\CS\Kaizen\eventswebsite

Before we get started, keep in mind:

  * You are currently outside your home directory

